<?xml version="1.0" encoding="UTF-8"?>
<!-- Generated by org.testng.reporters.JUnitReportReporter -->
<testsuite hostname="_tejasgulhane_" failures="0" tests="1" name="abc.NewTest" time="0.012" errors="0" timestamp="2023-12-14T16:24:42 IST" skipped="0">
  <testcase classname="abc.NewTest" name="test" time="0.012"/>
</testsuite> <!-- abc.NewTest -->
