<?xml version="1.0" encoding="UTF-8"?>
<!-- Generated by org.testng.reporters.JUnitReportReporter -->
<testsuite hostname="_tejasgulhane_" failures="0" tests="7" name="Module_8.Que2" time="18.165" errors="0" timestamp="2023-12-15T00:54:17 IST" skipped="0">
  <testcase classname="Module_8.Que2" name="tst" time="6.684"/>
  <system-out/>
  <testcase classname="Module_8.Que2" name="tst" time="5.390"/>
  <system-out/>
  <testcase classname="Module_8.Que2" name="tst" time="1.227"/>
  <system-out/>
  <testcase classname="Module_8.Que2" name="tst" time="2.233"/>
  <system-out/>
  <testcase classname="Module_8.Que2" name="tst" time="1.190"/>
  <system-out/>
  <testcase classname="Module_8.Que2" name="tst" time="1.153"/>
  <system-out/>
  <testcase classname="Module_8.Que2" name="tst" time="0.288"/>
  <system-out/>
</testsuite> <!-- Module_8.Que2 -->
