<?xml version="1.0" encoding="UTF-8"?>
<!-- Generated by org.testng.reporters.JUnitReportReporter -->
<testsuite hostname="_tejasgulhane_" failures="0" tests="1" name="Module_7.Que15" time="11.814" errors="0" timestamp="2023-12-15T00:08:57 IST" skipped="0">
  <testcase classname="Module_7.Que15" name="Loginn" time="11.814"/>
  <system-out/>
</testsuite> <!-- Module_7.Que15 -->
