<?xml version="1.0" encoding="UTF-8"?>
<!-- Generated by org.testng.reporters.JUnitReportReporter -->
<testsuite hostname="_tejasgulhane_" failures="0" tests="1" name="Module_8.Que1" time="22.495" errors="0" timestamp="2023-12-15T00:14:42 IST" skipped="0">
  <testcase classname="Module_8.Que1" name="t" time="22.495"/>
  <system-out/>
</testsuite> <!-- Module_8.Que1 -->
