<?xml version="1.0" encoding="UTF-8"?>
<!-- Generated by org.testng.reporters.JUnitReportReporter -->
<testsuite hostname="_tejasgulhane_" failures="0" tests="7" name="Module_8.Que3" time="13.771" errors="0" timestamp="2023-12-15T01:08:42 IST" skipped="0">
  <testcase classname="Module_8.Que3" name="f" time="2.315"/>
  <system-out/>
  <testcase classname="Module_8.Que3" name="f" time="1.177"/>
  <system-out/>
  <testcase classname="Module_8.Que3" name="f" time="0.287"/>
  <system-out/>
  <testcase classname="Module_8.Que3" name="f" time="1.200"/>
  <system-out/>
  <testcase classname="Module_8.Que3" name="f" time="1.229"/>
  <system-out/>
  <testcase classname="Module_8.Que3" name="f" time="5.318"/>
  <system-out/>
  <testcase classname="Module_8.Que3" name="f" time="2.245"/>
  <system-out/>
</testsuite> <!-- Module_8.Que3 -->
