<?xml version="1.0" encoding="UTF-8"?>
<!-- Generated by org.testng.reporters.JUnitReportReporter -->
<testsuite hostname="_tejasgulhane_" failures="0" tests="2" name="Module_7.Que19" time="26.162" errors="0" timestamp="2023-12-15T00:12:27 IST" skipped="0">
  <testcase classname="Module_7.Que19" name="name" time="12.445"/>
  <system-out/>
  <testcase classname="Module_7.Que19" name="name" time="13.717"/>
  <system-out/>
</testsuite> <!-- Module_7.Que19 -->
