<?xml version="1.0" encoding="UTF-8"?>
<!-- Generated by org.testng.reporters.JUnitReportReporter -->
<testsuite hostname="_tejasgulhane_" failures="0" tests="2" name="Module_7.Que17" time="22.325" errors="0" timestamp="2023-12-12T02:20:04 IST" skipped="0">
  <testcase classname="Module_7.Que17" name="Login1" time="11.591"/>
  <system-out/>
  <testcase classname="Module_7.Que17" name="Login2" time="10.734"/>
  <system-out/>
</testsuite> <!-- Module_7.Que17 -->
