<?xml version="1.0" encoding="UTF-8"?>
<!-- Generated by org.testng.reporters.JUnitReportReporter -->
<testsuite hostname="_tejasgulhane_" failures="0" tests="3" name="demo.Q18Group_TestNg" time="0.015" errors="0" timestamp="2023-12-15T22:07:52 IST" skipped="0">
  <testcase classname="demo.Q18Group_TestNg" name="Potato" time="0.001"/>
  <system-out/>
  <testcase classname="demo.Q18Group_TestNg" name="Jackfruit" time="0.012"/>
  <system-out/>
  <testcase classname="demo.Q18Group_TestNg" name="Tomato" time="0.002"/>
  <system-out/>
</testsuite> <!-- demo.Q18Group_TestNg -->
