<?xml version="1.0" encoding="UTF-8"?>
<!-- Generated by org.testng.reporters.JUnitReportReporter -->
<testsuite hostname="_tejasgulhane_" failures="0" tests="2" name="demo.facebook_Demo" time="21.656" errors="0" timestamp="2023-12-15T14:55:58 IST" skipped="0">
  <testcase classname="demo.facebook_Demo" name="f" time="11.995"/>
  <system-out/>
  <testcase classname="demo.facebook_Demo" name="f" time="9.661"/>
  <system-out/>
</testsuite> <!-- demo.facebook_Demo -->
