<?xml version="1.0" encoding="UTF-8"?>
<!-- Generated by org.testng.reporters.JUnitReportReporter -->
<testsuite hostname="_tejasgulhane_" failures="0" tests="2" name="demo.Q17facebook_Demo" time="18.815" errors="0" timestamp="2023-12-15T23:48:24 IST" skipped="0">
  <testcase classname="demo.Q17facebook_Demo" name="f" time="9.875"/>
  <system-out/>
  <testcase classname="demo.Q17facebook_Demo" name="f" time="8.940"/>
  <system-out/>
</testsuite> <!-- demo.Q17facebook_Demo -->
